<?xml version="1.0" encoding="UTF-8"?>
<!-- Generated by org.testng.reporters.JUnitReportReporter -->
<testsuite hostname="Manoj" failures="0" tests="3" name="Tests.NewUserRegistration" time="20.378" errors="0" timestamp="03 Jan 2025 11:45:47 GMT" skipped="0">
  <testcase classname="Tests.NewUserRegistration" name="navigateToHomepage" time="7.415"/>
  <testcase classname="Tests.NewUserRegistration" name="returnBacktoHomePage" time="5.715"/>
  <testcase classname="Tests.NewUserRegistration" name="navigateToUserSignupPage" time="7.248"/>
</testsuite> <!-- Tests.NewUserRegistration -->
